{"/home/tsdev_admin/Documents/repos/github/productivity/boilerplate-node-api-searcher/src/app.ts": {"path":"/home/tsdev_admin/Documents/repos/github/productivity/boilerplate-node-api-searcher/src/app.ts","statementMap":{"0":{"start":{"line":1,"column":0},"end":{"line":1,"column":23}},"1":{"start":{"line":2,"column":0},"end":{"line":2,"column":29}},"2":{"start":{"line":3,"column":0},"end":{"line":3,"column":37}},"3":{"start":{"line":4,"column":0},"end":{"line":4,"column":61}},"4":{"start":{"line":5,"column":0},"end":{"line":5,"column":45}},"5":{"start":{"line":6,"column":0},"end":{"line":6,"column":44}},"6":{"start":{"line":7,"column":0},"end":{"line":7,"column":49}},"7":{"start":{"line":8,"column":0},"end":{"line":8,"column":43}},"8":{"start":{"line":9,"column":0},"end":{"line":9,"column":59}},"9":{"start":{"line":11,"column":12},"end":{"line":11,"column":21}},"10":{"start":{"line":12,"column":0},"end":{"line":12,"column":null}},"11":{"start":{"line":13,"column":0},"end":{"line":13,"column":null}},"12":{"start":{"line":14,"column":0},"end":{"line":14,"column":null}},"13":{"start":{"line":15,"column":0},"end":{"line":15,"column":null}},"14":{"start":{"line":16,"column":0},"end":{"line":16,"column":null}},"15":{"start":{"line":17,"column":0},"end":{"line":17,"column":null}},"16":{"start":{"line":18,"column":0},"end":{"line":18,"column":null}},"17":{"start":{"line":19,"column":0},"end":{"line":19,"column":null}},"18":{"start":{"line":21,"column":0},"end":{"line":24,"column":null}},"19":{"start":{"line":22,"column":2},"end":{"line":22,"column":null}},"20":{"start":{"line":23,"column":2},"end":{"line":23,"column":null}},"21":{"start":{"line":26,"column":0},"end":{"line":26,"column":null}},"22":{"start":{"line":27,"column":0},"end":{"line":27,"column":null}},"23":{"start":{"line":28,"column":0},"end":{"line":28,"column":null}},"24":{"start":{"line":30,"column":0},"end":{"line":30,"column":null}}},"fnMap":{"0":{"name":"(anonymous_1)","decl":{"start":{"line":21,"column":17},"end":{"line":21,"column":18}},"loc":{"start":{"line":21,"column":31},"end":{"line":24,"column":1}}}},"branchMap":{},"s":{"0":1,"1":1,"2":1,"3":1,"4":1,"5":1,"6":1,"7":1,"8":1,"9":1,"10":1,"11":1,"12":1,"13":1,"14":1,"15":1,"16":1,"17":1,"18":1,"19":0,"20":0,"21":1,"22":1,"23":1,"24":1},"f":{"0":0},"b":{}}
,"/home/tsdev_admin/Documents/repos/github/productivity/boilerplate-node-api-searcher/src/index.ts": {"path":"/home/tsdev_admin/Documents/repos/github/productivity/boilerplate-node-api-searcher/src/index.ts","statementMap":{"0":{"start":{"line":1,"column":0},"end":{"line":1,"column":51}},"1":{"start":{"line":2,"column":0},"end":{"line":2,"column":44}},"2":{"start":{"line":3,"column":0},"end":{"line":3,"column":56}},"3":{"start":{"line":4,"column":0},"end":{"line":4,"column":23}},"4":{"start":{"line":6,"column":0},"end":{"line":15,"column":null}},"5":{"start":{"line":11,"column":4},"end":{"line":11,"column":null}},"6":{"start":{"line":14,"column":4},"end":{"line":14,"column":null}},"7":{"start":{"line":17,"column":13},"end":{"line":17,"column":17}},"8":{"start":{"line":19,"column":0},"end":{"line":21,"column":null}},"9":{"start":{"line":20,"column":2},"end":{"line":20,"column":null}},"10":{"start":{"line":23,"column":0},"end":{"line":23,"column":null}}},"fnMap":{"0":{"name":"(anonymous_1)","decl":{"start":{"line":10,"column":8},"end":{"line":10,"column":11}},"loc":{"start":{"line":10,"column":13},"end":{"line":12,"column":3}}},"1":{"name":"(anonymous_2)","decl":{"start":{"line":13,"column":9},"end":{"line":13,"column":10}},"loc":{"start":{"line":13,"column":19},"end":{"line":15,"column":3}}},"2":{"name":"(anonymous_3)","decl":{"start":{"line":19,"column":17},"end":{"line":19,"column":20}},"loc":{"start":{"line":19,"column":22},"end":{"line":21,"column":1}}}},"branchMap":{},"s":{"0":1,"1":1,"2":1,"3":1,"4":1,"5":1,"6":0,"7":1,"8":1,"9":1,"10":1},"f":{"0":1,"1":0,"2":1},"b":{}}
,"/home/tsdev_admin/Documents/repos/github/productivity/boilerplate-node-api-searcher/src/controllers/entries/handlers.ts": {"path":"/home/tsdev_admin/Documents/repos/github/productivity/boilerplate-node-api-searcher/src/controllers/entries/handlers.ts","statementMap":{"0":{"start":{"line":2,"column":0},"end":{"line":2,"column":43}},"1":{"start":{"line":14,"column":25},"end":{"line":27,"column":1}},"2":{"start":{"line":17,"column":17},"end":{"line":17,"column":null}},"3":{"start":{"line":19,"column":2},"end":{"line":26,"column":null}},"4":{"start":{"line":21,"column":6},"end":{"line":25,"column":null}},"5":{"start":{"line":22,"column":8},"end":{"line":22,"column":null}},"6":{"start":{"line":24,"column":8},"end":{"line":24,"column":null}},"7":{"start":{"line":14,"column":13},"end":{"line":14,"column":25}}},"fnMap":{"0":{"name":"(anonymous_1)","decl":{"start":{"line":14,"column":25},"end":{"line":14,"column":null}},"loc":{"start":{"line":16,"column":4},"end":{"line":27,"column":1}}},"1":{"name":"(anonymous_2)","decl":{"start":{"line":20,"column":10},"end":{"line":20,"column":11}},"loc":{"start":{"line":20,"column":43},"end":{"line":26,"column":5}}}},"branchMap":{"0":{"loc":{"start":{"line":17,"column":17},"end":{"line":17,"column":null}},"type":"binary-expr","locations":[{"start":{"line":17,"column":17},"end":{"line":17,"column":21}},{"start":{"line":17,"column":25},"end":{"line":17,"column":45}}]},"1":{"loc":{"start":{"line":17,"column":25},"end":{"line":17,"column":45}},"type":"cond-expr","locations":[{"start":{"line":17,"column":33},"end":{"line":17,"column":35}},{"start":{"line":17,"column":33},"end":{"line":17,"column":45}}]},"2":{"loc":{"start":{"line":17,"column":25},"end":{"line":17,"column":35}},"type":"binary-expr","locations":[{"start":{"line":17,"column":25},"end":{"line":17,"column":35}},{"start":{"line":17,"column":33},"end":{"line":17,"column":35}}]},"3":{"loc":{"start":{"line":21,"column":6},"end":{"line":25,"column":null}},"type":"if","locations":[{"start":{"line":21,"column":6},"end":{"line":25,"column":null}},{"start":{"line":23,"column":13},"end":{"line":25,"column":null}}]}},"s":{"0":1,"1":1,"2":3,"3":3,"4":3,"5":1,"6":2,"7":1},"f":{"0":3,"1":3},"b":{"0":[3,3],"1":[0,3],"2":[3,3],"3":[1,2]}}
,"/home/tsdev_admin/Documents/repos/github/productivity/boilerplate-node-api-searcher/src/controllers/entries/index.ts": {"path":"/home/tsdev_admin/Documents/repos/github/productivity/boilerplate-node-api-searcher/src/controllers/entries/index.ts","statementMap":{"0":{"start":{"line":2,"column":0},"end":{"line":2,"column":52}},"1":{"start":{"line":3,"column":0},"end":{"line":3,"column":30}},"2":{"start":{"line":4,"column":0},"end":{"line":4,"column":36}},"3":{"start":{"line":5,"column":0},"end":{"line":5,"column":43}},"4":{"start":{"line":7,"column":0},"end":{"line":7,"column":38}},"5":{"start":{"line":11,"column":15},"end":{"line":11,"column":31}},"6":{"start":{"line":30,"column":0},"end":{"line":32,"column":null}},"7":{"start":{"line":31,"column":2},"end":{"line":31,"column":null}},"8":{"start":{"line":39,"column":0},"end":{"line":44,"column":null}},"9":{"start":{"line":39,"column":36},"end":{"line":44,"column":2}},"10":{"start":{"line":40,"column":18},"end":{"line":41,"column":56}},"11":{"start":{"line":43,"column":2},"end":{"line":43,"column":null}},"12":{"start":{"line":51,"column":0},"end":{"line":60,"column":null}},"13":{"start":{"line":51,"column":50},"end":{"line":60,"column":2}},"14":{"start":{"line":52,"column":23},"end":{"line":52,"column":33}},"15":{"start":{"line":53,"column":18},"end":{"line":57,"column":47}},"16":{"start":{"line":59,"column":2},"end":{"line":59,"column":null}},"17":{"start":{"line":68,"column":1},"end":{"line":77,"column":null}},"18":{"start":{"line":68,"column":51},"end":{"line":77,"column":2}},"19":{"start":{"line":69,"column":23},"end":{"line":69,"column":33}},"20":{"start":{"line":70,"column":18},"end":{"line":74,"column":47}},"21":{"start":{"line":76,"column":2},"end":{"line":76,"column":null}},"22":{"start":{"line":85,"column":0},"end":{"line":90,"column":null}},"23":{"start":{"line":85,"column":38},"end":{"line":90,"column":2}},"24":{"start":{"line":86,"column":34},"end":{"line":86,"column":74}},"25":{"start":{"line":87,"column":2},"end":{"line":89,"column":null}},"26":{"start":{"line":98,"column":0},"end":{"line":123,"column":null}},"27":{"start":{"line":99,"column":54},"end":{"line":123,"column":2}},"28":{"start":{"line":101,"column":4},"end":{"line":101,"column":55}},"29":{"start":{"line":104,"column":17},"end":{"line":104,"column":32}},"30":{"start":{"line":106,"column":2},"end":{"line":122,"column":null}},"31":{"start":{"line":107,"column":4},"end":{"line":107,"column":null}},"32":{"start":{"line":109,"column":17},"end":{"line":109,"column":44}},"33":{"start":{"line":110,"column":4},"end":{"line":121,"column":null}},"34":{"start":{"line":111,"column":6},"end":{"line":111,"column":null}},"35":{"start":{"line":113,"column":20},"end":{"line":113,"column":60}},"36":{"start":{"line":114,"column":6},"end":{"line":120,"column":null}},"37":{"start":{"line":115,"column":8},"end":{"line":116,"column":null}},"38":{"start":{"line":118,"column":8},"end":{"line":118,"column":null}},"39":{"start":{"line":119,"column":8},"end":{"line":119,"column":null}},"40":{"start":{"line":131,"column":0},"end":{"line":143,"column":null}},"41":{"start":{"line":131,"column":38},"end":{"line":143,"column":2}},"42":{"start":{"line":133,"column":27},"end":{"line":133,"column":35}},"43":{"start":{"line":135,"column":23},"end":{"line":136,"column":59}},"44":{"start":{"line":138,"column":2},"end":{"line":142,"column":null}},"45":{"start":{"line":139,"column":4},"end":{"line":139,"column":null}},"46":{"start":{"line":141,"column":4},"end":{"line":141,"column":null}},"47":{"start":{"line":151,"column":0},"end":{"line":171,"column":null}},"48":{"start":{"line":153,"column":2},"end":{"line":170,"column":null}},"49":{"start":{"line":157,"column":6},"end":{"line":169,"column":null}},"50":{"start":{"line":158,"column":8},"end":{"line":158,"column":null}},"51":{"start":{"line":161,"column":8},"end":{"line":168,"column":null}},"52":{"start":{"line":165,"column":50},"end":{"line":167,"column":45}},"53":{"start":{"line":173,"column":0},"end":{"line":173,"column":null}}},"fnMap":{"0":{"name":"(anonymous_8)","decl":{"start":{"line":30,"column":20},"end":{"line":30,"column":21}},"loc":{"start":{"line":30,"column":34},"end":{"line":32,"column":1}}},"1":{"name":"(anonymous_9)","decl":{"start":{"line":39,"column":16},"end":{"line":39,"column":23}},"loc":{"start":{"line":39,"column":36},"end":{"line":44,"column":2}}},"2":{"name":"(anonymous_10)","decl":{"start":{"line":39,"column":36},"end":{"line":39,"column":null}},"loc":{"start":{"line":39,"column":36},"end":{"line":44,"column":1}}},"3":{"name":"(anonymous_11)","decl":{"start":{"line":51,"column":31},"end":{"line":51,"column":38}},"loc":{"start":{"line":51,"column":50},"end":{"line":60,"column":2}}},"4":{"name":"(anonymous_12)","decl":{"start":{"line":51,"column":50},"end":{"line":51,"column":null}},"loc":{"start":{"line":51,"column":50},"end":{"line":60,"column":1}}},"5":{"name":"(anonymous_13)","decl":{"start":{"line":68,"column":32},"end":{"line":68,"column":39}},"loc":{"start":{"line":68,"column":51},"end":{"line":77,"column":2}}},"6":{"name":"(anonymous_14)","decl":{"start":{"line":68,"column":51},"end":{"line":68,"column":null}},"loc":{"start":{"line":68,"column":51},"end":{"line":77,"column":1}}},"7":{"name":"(anonymous_15)","decl":{"start":{"line":85,"column":19},"end":{"line":85,"column":26}},"loc":{"start":{"line":85,"column":38},"end":{"line":90,"column":2}}},"8":{"name":"(anonymous_16)","decl":{"start":{"line":85,"column":38},"end":{"line":85,"column":null}},"loc":{"start":{"line":85,"column":38},"end":{"line":90,"column":1}}},"9":{"name":"(anonymous_17)","decl":{"start":{"line":98,"column":22},"end":{"line":98,"column":29}},"loc":{"start":{"line":99,"column":54},"end":{"line":123,"column":2}}},"10":{"name":"(anonymous_18)","decl":{"start":{"line":99,"column":54},"end":{"line":99,"column":null}},"loc":{"start":{"line":99,"column":54},"end":{"line":123,"column":1}}},"11":{"name":"(anonymous_19)","decl":{"start":{"line":131,"column":19},"end":{"line":131,"column":26}},"loc":{"start":{"line":131,"column":38},"end":{"line":143,"column":2}}},"12":{"name":"(anonymous_20)","decl":{"start":{"line":131,"column":38},"end":{"line":131,"column":null}},"loc":{"start":{"line":131,"column":38},"end":{"line":143,"column":1}}},"13":{"name":"(anonymous_21)","decl":{"start":{"line":151,"column":17},"end":{"line":151,"column":18}},"loc":{"start":{"line":151,"column":55},"end":{"line":171,"column":1}}},"14":{"name":"(anonymous_22)","decl":{"start":{"line":156,"column":4},"end":{"line":156,"column":5}},"loc":{"start":{"line":156,"column":28},"end":{"line":170,"column":5}}},"15":{"name":"(anonymous_23)","decl":{"start":{"line":165,"column":16},"end":{"line":165,"column":17}},"loc":{"start":{"line":165,"column":50},"end":{"line":167,"column":45}}}},"branchMap":{"0":{"loc":{"start":{"line":87,"column":2},"end":{"line":89,"column":68}},"type":"cond-expr","locations":[{"start":{"line":88,"column":6},"end":{"line":88,"column":33}},{"start":{"line":89,"column":6},"end":{"line":89,"column":68}}]},"1":{"loc":{"start":{"line":106,"column":2},"end":{"line":122,"column":null}},"type":"if","locations":[{"start":{"line":106,"column":2},"end":{"line":122,"column":null}},{"start":{"line":108,"column":9},"end":{"line":122,"column":null}}]},"2":{"loc":{"start":{"line":106,"column":6},"end":{"line":106,"column":27}},"type":"binary-expr","locations":[{"start":{"line":106,"column":6},"end":{"line":106,"column":16}},{"start":{"line":106,"column":20},"end":{"line":106,"column":27}}]},"3":{"loc":{"start":{"line":110,"column":4},"end":{"line":121,"column":null}},"type":"if","locations":[{"start":{"line":110,"column":4},"end":{"line":121,"column":null}},{"start":{"line":112,"column":11},"end":{"line":121,"column":null}}]},"4":{"loc":{"start":{"line":114,"column":6},"end":{"line":120,"column":null}},"type":"if","locations":[{"start":{"line":114,"column":6},"end":{"line":120,"column":null}},{"start":{"line":117,"column":13},"end":{"line":120,"column":null}}]},"5":{"loc":{"start":{"line":114,"column":10},"end":{"line":114,"column":53}},"type":"binary-expr","locations":[{"start":{"line":114,"column":10},"end":{"line":114,"column":15}},{"start":{"line":114,"column":20},"end":{"line":114,"column":52}}]},"6":{"loc":{"start":{"line":118,"column":8},"end":{"line":118,"column":null}},"type":"binary-expr","locations":[{"start":{"line":118,"column":8},"end":{"line":118,"column":13}},{"start":{"line":118,"column":17},"end":{"line":118,"column":null}}]},"7":{"loc":{"start":{"line":118,"column":23},"end":{"line":118,"column":38}},"type":"cond-expr","locations":[{"start":{"line":118,"column":28},"end":{"line":118,"column":30}},{"start":{"line":118,"column":23},"end":{"line":118,"column":38}}]},"8":{"loc":{"start":{"line":118,"column":23},"end":{"line":118,"column":30}},"type":"binary-expr","locations":[{"start":{"line":118,"column":23},"end":{"line":118,"column":30}},{"start":{"line":118,"column":23},"end":{"line":118,"column":30}}]},"9":{"loc":{"start":{"line":138,"column":2},"end":{"line":142,"column":null}},"type":"if","locations":[{"start":{"line":138,"column":2},"end":{"line":142,"column":null}},{"start":{"line":140,"column":9},"end":{"line":142,"column":null}}]},"10":{"loc":{"start":{"line":157,"column":6},"end":{"line":169,"column":null}},"type":"if","locations":[{"start":{"line":157,"column":6},"end":{"line":169,"column":null}},{"start":{"line":159,"column":13},"end":{"line":169,"column":null}}]},"11":{"loc":{"start":{"line":165,"column":50},"end":{"line":167,"column":45}},"type":"cond-expr","locations":[{"start":{"line":166,"column":14},"end":{"line":166,"column":25}},{"start":{"line":167,"column":14},"end":{"line":167,"column":45}}]}},"s":{"0":1,"1":1,"2":1,"3":1,"4":1,"5":1,"6":1,"7":1,"8":1,"9":0,"10":0,"11":0,"12":1,"13":0,"14":0,"15":0,"16":0,"17":1,"18":0,"19":0,"20":0,"21":0,"22":1,"23":0,"24":0,"25":0,"26":1,"27":0,"28":0,"29":0,"30":0,"31":0,"32":0,"33":0,"34":0,"35":0,"36":0,"37":0,"38":0,"39":0,"40":1,"41":0,"42":0,"43":0,"44":0,"45":0,"46":0,"47":1,"48":5,"49":5,"50":2,"51":3,"52":3,"53":1},"f":{"0":1,"1":0,"2":0,"3":0,"4":0,"5":0,"6":0,"7":0,"8":0,"9":0,"10":0,"11":0,"12":0,"13":5,"14":5,"15":3},"b":{"0":[0,0],"1":[0,0],"2":[0,0],"3":[0,0],"4":[0,0],"5":[0,0],"6":[0,0],"7":[0,0],"8":[0,0],"9":[0,0],"10":[2,3],"11":[0,3]}}
,"/home/tsdev_admin/Documents/repos/github/productivity/boilerplate-node-api-searcher/src/controllers/firms/handlers.ts": {"path":"/home/tsdev_admin/Documents/repos/github/productivity/boilerplate-node-api-searcher/src/controllers/firms/handlers.ts","statementMap":{"0":{"start":{"line":3,"column":0},"end":{"line":3,"column":50}},"1":{"start":{"line":4,"column":0},"end":{"line":4,"column":36}},"2":{"start":{"line":6,"column":0},"end":{"line":6,"column":49}},"3":{"start":{"line":18,"column":24},"end":{"line":31,"column":1}},"4":{"start":{"line":21,"column":17},"end":{"line":21,"column":null}},"5":{"start":{"line":22,"column":15},"end":{"line":22,"column":35}},"6":{"start":{"line":23,"column":2},"end":{"line":30,"column":null}},"7":{"start":{"line":25,"column":6},"end":{"line":29,"column":null}},"8":{"start":{"line":26,"column":8},"end":{"line":26,"column":null}},"9":{"start":{"line":28,"column":8},"end":{"line":28,"column":null}},"10":{"start":{"line":18,"column":13},"end":{"line":18,"column":24}},"11":{"start":{"line":41,"column":31},"end":{"line":56,"column":1}},"12":{"start":{"line":44,"column":35},"end":{"line":44,"column":59}},"13":{"start":{"line":46,"column":4},"end":{"line":46,"column":43}},"14":{"start":{"line":48,"column":2},"end":{"line":55,"column":null}},"15":{"start":{"line":50,"column":6},"end":{"line":54,"column":null}},"16":{"start":{"line":51,"column":8},"end":{"line":51,"column":null}},"17":{"start":{"line":53,"column":8},"end":{"line":53,"column":null}},"18":{"start":{"line":41,"column":14},"end":{"line":41,"column":31}}},"fnMap":{"0":{"name":"(anonymous_1)","decl":{"start":{"line":18,"column":24},"end":{"line":18,"column":null}},"loc":{"start":{"line":20,"column":4},"end":{"line":31,"column":1}}},"1":{"name":"(anonymous_2)","decl":{"start":{"line":24,"column":10},"end":{"line":24,"column":11}},"loc":{"start":{"line":24,"column":31},"end":{"line":30,"column":5}}},"2":{"name":"(anonymous_3)","decl":{"start":{"line":41,"column":31},"end":{"line":41,"column":null}},"loc":{"start":{"line":43,"column":4},"end":{"line":56,"column":1}}},"3":{"name":"(anonymous_4)","decl":{"start":{"line":49,"column":10},"end":{"line":49,"column":11}},"loc":{"start":{"line":49,"column":31},"end":{"line":55,"column":5}}}},"branchMap":{"0":{"loc":{"start":{"line":21,"column":17},"end":{"line":21,"column":null}},"type":"binary-expr","locations":[{"start":{"line":21,"column":17},"end":{"line":21,"column":21}},{"start":{"line":21,"column":25},"end":{"line":21,"column":55}}]},"1":{"loc":{"start":{"line":21,"column":25},"end":{"line":21,"column":55}},"type":"cond-expr","locations":[{"start":{"line":21,"column":33},"end":{"line":21,"column":35}},{"start":{"line":21,"column":33},"end":{"line":21,"column":55}}]},"2":{"loc":{"start":{"line":21,"column":25},"end":{"line":21,"column":35}},"type":"binary-expr","locations":[{"start":{"line":21,"column":25},"end":{"line":21,"column":35}},{"start":{"line":21,"column":33},"end":{"line":21,"column":35}}]},"3":{"loc":{"start":{"line":25,"column":6},"end":{"line":29,"column":null}},"type":"if","locations":[{"start":{"line":25,"column":6},"end":{"line":29,"column":null}},{"start":{"line":27,"column":13},"end":{"line":29,"column":null}}]},"4":{"loc":{"start":{"line":50,"column":6},"end":{"line":54,"column":null}},"type":"if","locations":[{"start":{"line":50,"column":6},"end":{"line":54,"column":null}},{"start":{"line":52,"column":13},"end":{"line":54,"column":null}}]}},"s":{"0":1,"1":1,"2":1,"3":1,"4":0,"5":0,"6":0,"7":0,"8":0,"9":0,"10":1,"11":1,"12":0,"13":0,"14":0,"15":0,"16":0,"17":0,"18":1},"f":{"0":0,"1":0,"2":0,"3":0},"b":{"0":[0,0],"1":[0,0],"2":[0,0],"3":[0,0],"4":[0,0]}}
,"/home/tsdev_admin/Documents/repos/github/productivity/boilerplate-node-api-searcher/src/controllers/firms/index.ts": {"path":"/home/tsdev_admin/Documents/repos/github/productivity/boilerplate-node-api-searcher/src/controllers/firms/index.ts","statementMap":{"0":{"start":{"line":1,"column":0},"end":{"line":1,"column":52}},"1":{"start":{"line":3,"column":0},"end":{"line":3,"column":30}},"2":{"start":{"line":4,"column":0},"end":{"line":4,"column":36}},"3":{"start":{"line":6,"column":0},"end":{"line":6,"column":50}},"4":{"start":{"line":7,"column":0},"end":{"line":7,"column":53}},"5":{"start":{"line":8,"column":0},"end":{"line":8,"column":null}},"6":{"start":{"line":15,"column":15},"end":{"line":15,"column":31}},"7":{"start":{"line":22,"column":25},"end":{"line":28,"column":null}},"8":{"start":{"line":30,"column":22},"end":{"line":34,"column":null}},"9":{"start":{"line":36,"column":27},"end":{"line":45,"column":null}},"10":{"start":{"line":48,"column":22},"end":{"line":48,"column":24}},"11":{"start":{"line":53,"column":0},"end":{"line":55,"column":null}},"12":{"start":{"line":54,"column":2},"end":{"line":54,"column":null}},"13":{"start":{"line":60,"column":0},"end":{"line":62,"column":null}},"14":{"start":{"line":61,"column":2},"end":{"line":61,"column":null}},"15":{"start":{"line":72,"column":0},"end":{"line":158,"column":null}},"16":{"start":{"line":72,"column":70},"end":{"line":158,"column":2}},"17":{"start":{"line":74,"column":19},"end":{"line":74,"column":52}},"18":{"start":{"line":75,"column":18},"end":{"line":75,"column":77}},"19":{"start":{"line":76,"column":21},"end":{"line":76,"column":82}},"20":{"start":{"line":78,"column":21},"end":{"line":91,"column":3}},"21":{"start":{"line":79,"column":19},"end":{"line":86,"column":null}},"22":{"start":{"line":88,"column":4},"end":{"line":90,"column":null}},"23":{"start":{"line":93,"column":20},"end":{"line":104,"column":3}},"24":{"start":{"line":94,"column":19},"end":{"line":99,"column":null}},"25":{"start":{"line":101,"column":4},"end":{"line":103,"column":null}},"26":{"start":{"line":106,"column":18},"end":{"line":120,"column":3}},"27":{"start":{"line":107,"column":19},"end":{"line":115,"column":null}},"28":{"start":{"line":117,"column":4},"end":{"line":119,"column":null}},"29":{"start":{"line":122,"column":16},"end":{"line":132,"column":null}},"30":{"start":{"line":136,"column":22},"end":{"line":148,"column":21}},"31":{"start":{"line":150,"column":23},"end":{"line":153,"column":null}},"32":{"start":{"line":155,"column":2},"end":{"line":157,"column":null}},"33":{"start":{"line":164,"column":0},"end":{"line":205,"column":null}},"34":{"start":{"line":164,"column":54},"end":{"line":205,"column":2}},"35":{"start":{"line":165,"column":23},"end":{"line":165,"column":72}},"36":{"start":{"line":166,"column":19},"end":{"line":166,"column":52}},"37":{"start":{"line":168,"column":21},"end":{"line":175,"column":null}},"38":{"start":{"line":177,"column":16},"end":{"line":183,"column":32}},"39":{"start":{"line":185,"column":22},"end":{"line":190,"column":19}},"40":{"start":{"line":197,"column":37},"end":{"line":200,"column":null}},"41":{"start":{"line":202,"column":2},"end":{"line":204,"column":null}},"42":{"start":{"line":212,"column":0},"end":{"line":224,"column":null}},"43":{"start":{"line":212,"column":49},"end":{"line":224,"column":2}},"44":{"start":{"line":213,"column":18},"end":{"line":213,"column":51}},"45":{"start":{"line":214,"column":17},"end":{"line":214,"column":63}},"46":{"start":{"line":215,"column":32},"end":{"line":218,"column":null}},"47":{"start":{"line":221,"column":2},"end":{"line":223,"column":null}},"48":{"start":{"line":230,"column":0},"end":{"line":243,"column":null}},"49":{"start":{"line":230,"column":50},"end":{"line":243,"column":2}},"50":{"start":{"line":232,"column":42},"end":{"line":232,"column":50}},"51":{"start":{"line":233,"column":21},"end":{"line":233,"column":34}},"52":{"start":{"line":235,"column":47},"end":{"line":239,"column":33}},"53":{"start":{"line":239,"column":27},"end":{"line":239,"column":32}},"54":{"start":{"line":240,"column":2},"end":{"line":242,"column":null}},"55":{"start":{"line":248,"column":0},"end":{"line":269,"column":null}},"56":{"start":{"line":250,"column":2},"end":{"line":268,"column":null}},"57":{"start":{"line":254,"column":6},"end":{"line":266,"column":null}},"58":{"start":{"line":255,"column":8},"end":{"line":255,"column":null}},"59":{"start":{"line":258,"column":8},"end":{"line":265,"column":null}},"60":{"start":{"line":262,"column":50},"end":{"line":264,"column":44}},"61":{"start":{"line":276,"column":0},"end":{"line":293,"column":null}},"62":{"start":{"line":276,"column":72},"end":{"line":293,"column":2}},"63":{"start":{"line":277,"column":2},"end":{"line":292,"column":null}},"64":{"start":{"line":278,"column":4},"end":{"line":278,"column":null}},"65":{"start":{"line":279,"column":4},"end":{"line":279,"column":null}},"66":{"start":{"line":281,"column":19},"end":{"line":281,"column":45}},"67":{"start":{"line":282,"column":17},"end":{"line":283,"column":27}},"68":{"start":{"line":285,"column":4},"end":{"line":291,"column":null}},"69":{"start":{"line":286,"column":6},"end":{"line":286,"column":null}},"70":{"start":{"line":287,"column":6},"end":{"line":287,"column":null}},"71":{"start":{"line":289,"column":6},"end":{"line":289,"column":null}},"72":{"start":{"line":290,"column":6},"end":{"line":290,"column":null}},"73":{"start":{"line":295,"column":0},"end":{"line":295,"column":null}}},"fnMap":{"0":{"name":"(anonymous_8)","decl":{"start":{"line":53,"column":19},"end":{"line":53,"column":20}},"loc":{"start":{"line":53,"column":52},"end":{"line":55,"column":1}}},"1":{"name":"(anonymous_9)","decl":{"start":{"line":60,"column":22},"end":{"line":60,"column":23}},"loc":{"start":{"line":60,"column":55},"end":{"line":62,"column":1}}},"2":{"name":"(anonymous_10)","decl":{"start":{"line":72,"column":51},"end":{"line":72,"column":58}},"loc":{"start":{"line":72,"column":70},"end":{"line":158,"column":2}}},"3":{"name":"(anonymous_11)","decl":{"start":{"line":72,"column":70},"end":{"line":72,"column":null}},"loc":{"start":{"line":72,"column":70},"end":{"line":158,"column":1}}},"4":{"name":"(anonymous_12)","decl":{"start":{"line":78,"column":21},"end":{"line":78,"column":24}},"loc":{"start":{"line":78,"column":26},"end":{"line":91,"column":3}}},"5":{"name":"(anonymous_13)","decl":{"start":{"line":93,"column":20},"end":{"line":93,"column":23}},"loc":{"start":{"line":93,"column":25},"end":{"line":104,"column":3}}},"6":{"name":"(anonymous_14)","decl":{"start":{"line":106,"column":18},"end":{"line":106,"column":21}},"loc":{"start":{"line":106,"column":23},"end":{"line":120,"column":3}}},"7":{"name":"(anonymous_15)","decl":{"start":{"line":164,"column":35},"end":{"line":164,"column":42}},"loc":{"start":{"line":164,"column":54},"end":{"line":205,"column":2}}},"8":{"name":"(anonymous_16)","decl":{"start":{"line":164,"column":54},"end":{"line":164,"column":null}},"loc":{"start":{"line":164,"column":54},"end":{"line":205,"column":1}}},"9":{"name":"(anonymous_17)","decl":{"start":{"line":212,"column":30},"end":{"line":212,"column":37}},"loc":{"start":{"line":212,"column":49},"end":{"line":224,"column":2}}},"10":{"name":"(anonymous_18)","decl":{"start":{"line":212,"column":49},"end":{"line":212,"column":null}},"loc":{"start":{"line":212,"column":49},"end":{"line":224,"column":1}}},"11":{"name":"(anonymous_19)","decl":{"start":{"line":230,"column":31},"end":{"line":230,"column":38}},"loc":{"start":{"line":230,"column":50},"end":{"line":243,"column":2}}},"12":{"name":"(anonymous_20)","decl":{"start":{"line":230,"column":50},"end":{"line":230,"column":null}},"loc":{"start":{"line":230,"column":50},"end":{"line":243,"column":1}}},"13":{"name":"(anonymous_21)","decl":{"start":{"line":239,"column":9},"end":{"line":239,"column":10}},"loc":{"start":{"line":239,"column":27},"end":{"line":239,"column":32}}},"14":{"name":"(anonymous_22)","decl":{"start":{"line":248,"column":25},"end":{"line":248,"column":26}},"loc":{"start":{"line":248,"column":63},"end":{"line":269,"column":1}}},"15":{"name":"(anonymous_23)","decl":{"start":{"line":253,"column":4},"end":{"line":253,"column":5}},"loc":{"start":{"line":253,"column":28},"end":{"line":267,"column":5}}},"16":{"name":"(anonymous_24)","decl":{"start":{"line":262,"column":16},"end":{"line":262,"column":17}},"loc":{"start":{"line":262,"column":50},"end":{"line":264,"column":44}}},"17":{"name":"(anonymous_25)","decl":{"start":{"line":276,"column":28},"end":{"line":276,"column":35}},"loc":{"start":{"line":276,"column":72},"end":{"line":293,"column":2}}},"18":{"name":"(anonymous_26)","decl":{"start":{"line":276,"column":72},"end":{"line":276,"column":null}},"loc":{"start":{"line":276,"column":72},"end":{"line":293,"column":1}}}},"branchMap":{"0":{"loc":{"start":{"line":74,"column":19},"end":{"line":74,"column":52}},"type":"binary-expr","locations":[{"start":{"line":74,"column":19},"end":{"line":74,"column":29}},{"start":{"line":74,"column":33},"end":{"line":74,"column":52}}]},"1":{"loc":{"start":{"line":75,"column":18},"end":{"line":75,"column":77}},"type":"binary-expr","locations":[{"start":{"line":75,"column":18},"end":{"line":75,"column":28}},{"start":{"line":75,"column":32},"end":{"line":75,"column":47}},{"start":{"line":75,"column":51},"end":{"line":75,"column":77}}]},"2":{"loc":{"start":{"line":76,"column":21},"end":{"line":76,"column":82}},"type":"binary-expr","locations":[{"start":{"line":76,"column":21},"end":{"line":76,"column":31}},{"start":{"line":76,"column":35},"end":{"line":76,"column":51}},{"start":{"line":76,"column":55},"end":{"line":76,"column":82}}]},"3":{"loc":{"start":{"line":88,"column":11},"end":{"line":90,"column":14}},"type":"cond-expr","locations":[{"start":{"line":89,"column":8},"end":{"line":89,"column":10}},{"start":{"line":90,"column":8},"end":{"line":90,"column":14}}]},"4":{"loc":{"start":{"line":88,"column":11},"end":{"line":88,"column":58}},"type":"binary-expr","locations":[{"start":{"line":88,"column":11},"end":{"line":88,"column":35}},{"start":{"line":88,"column":39},"end":{"line":88,"column":58}}]},"5":{"loc":{"start":{"line":101,"column":11},"end":{"line":103,"column":10}},"type":"cond-expr","locations":[{"start":{"line":102,"column":8},"end":{"line":102,"column":14}},{"start":{"line":103,"column":8},"end":{"line":103,"column":10}}]},"6":{"loc":{"start":{"line":117,"column":11},"end":{"line":119,"column":10}},"type":"cond-expr","locations":[{"start":{"line":118,"column":8},"end":{"line":118,"column":14}},{"start":{"line":119,"column":8},"end":{"line":119,"column":10}}]},"7":{"loc":{"start":{"line":117,"column":11},"end":{"line":117,"column":48}},"type":"binary-expr","locations":[{"start":{"line":117,"column":11},"end":{"line":117,"column":21}},{"start":{"line":117,"column":25},"end":{"line":117,"column":48}}]},"8":{"loc":{"start":{"line":155,"column":2},"end":{"line":157,"column":37}},"type":"cond-expr","locations":[{"start":{"line":156,"column":6},"end":{"line":156,"column":40}},{"start":{"line":157,"column":6},"end":{"line":157,"column":37}}]},"9":{"loc":{"start":{"line":155,"column":2},"end":{"line":155,"column":27}},"type":"binary-expr","locations":[{"start":{"line":155,"column":2},"end":{"line":155,"column":7}},{"start":{"line":155,"column":11},"end":{"line":155,"column":27}}]},"10":{"loc":{"start":{"line":165,"column":23},"end":{"line":165,"column":72}},"type":"binary-expr","locations":[{"start":{"line":165,"column":23},"end":{"line":165,"column":40}},{"start":{"line":165,"column":44},"end":{"line":165,"column":67}},{"start":{"line":165,"column":71},"end":{"line":165,"column":72}}]},"11":{"loc":{"start":{"line":165,"column":23},"end":{"line":165,"column":40}},"type":"cond-expr","locations":[{"start":{"line":165,"column":34},"end":{"line":165,"column":36}},{"start":{"line":165,"column":34},"end":{"line":165,"column":40}}]},"12":{"loc":{"start":{"line":165,"column":23},"end":{"line":165,"column":36}},"type":"binary-expr","locations":[{"start":{"line":165,"column":23},"end":{"line":165,"column":36}},{"start":{"line":165,"column":34},"end":{"line":165,"column":36}}]},"13":{"loc":{"start":{"line":165,"column":23},"end":{"line":165,"column":34}},"type":"cond-expr","locations":[{"start":{"line":165,"column":26},"end":{"line":165,"column":28}},{"start":{"line":165,"column":23},"end":{"line":165,"column":34}}]},"14":{"loc":{"start":{"line":165,"column":23},"end":{"line":165,"column":28}},"type":"binary-expr","locations":[{"start":{"line":165,"column":23},"end":{"line":165,"column":28}},{"start":{"line":165,"column":23},"end":{"line":165,"column":28}}]},"15":{"loc":{"start":{"line":166,"column":19},"end":{"line":166,"column":52}},"type":"binary-expr","locations":[{"start":{"line":166,"column":19},"end":{"line":166,"column":29}},{"start":{"line":166,"column":33},"end":{"line":166,"column":52}}]},"16":{"loc":{"start":{"line":202,"column":2},"end":{"line":204,"column":37}},"type":"cond-expr","locations":[{"start":{"line":203,"column":6},"end":{"line":203,"column":40}},{"start":{"line":204,"column":6},"end":{"line":204,"column":37}}]},"17":{"loc":{"start":{"line":202,"column":2},"end":{"line":202,"column":27}},"type":"binary-expr","locations":[{"start":{"line":202,"column":2},"end":{"line":202,"column":7}},{"start":{"line":202,"column":11},"end":{"line":202,"column":27}}]},"18":{"loc":{"start":{"line":213,"column":18},"end":{"line":213,"column":51}},"type":"binary-expr","locations":[{"start":{"line":213,"column":18},"end":{"line":213,"column":28}},{"start":{"line":213,"column":32},"end":{"line":213,"column":51}}]},"19":{"loc":{"start":{"line":221,"column":2},"end":{"line":223,"column":37}},"type":"cond-expr","locations":[{"start":{"line":222,"column":6},"end":{"line":222,"column":32}},{"start":{"line":223,"column":6},"end":{"line":223,"column":37}}]},"20":{"loc":{"start":{"line":240,"column":2},"end":{"line":242,"column":39}},"type":"cond-expr","locations":[{"start":{"line":241,"column":6},"end":{"line":241,"column":39}},{"start":{"line":242,"column":6},"end":{"line":242,"column":39}}]},"21":{"loc":{"start":{"line":254,"column":6},"end":{"line":266,"column":null}},"type":"if","locations":[{"start":{"line":254,"column":6},"end":{"line":266,"column":null}},{"start":{"line":256,"column":13},"end":{"line":266,"column":null}}]},"22":{"loc":{"start":{"line":262,"column":50},"end":{"line":264,"column":44}},"type":"cond-expr","locations":[{"start":{"line":263,"column":14},"end":{"line":263,"column":25}},{"start":{"line":264,"column":14},"end":{"line":264,"column":44}}]},"23":{"loc":{"start":{"line":277,"column":2},"end":{"line":292,"column":null}},"type":"if","locations":[{"start":{"line":277,"column":2},"end":{"line":292,"column":null}},{"start":{"line":280,"column":9},"end":{"line":292,"column":null}}]},"24":{"loc":{"start":{"line":285,"column":4},"end":{"line":291,"column":null}},"type":"if","locations":[{"start":{"line":285,"column":4},"end":{"line":291,"column":null}},{"start":{"line":288,"column":11},"end":{"line":291,"column":null}}]}},"s":{"0":1,"1":1,"2":1,"3":1,"4":1,"5":1,"6":1,"7":1,"8":1,"9":1,"10":1,"11":1,"12":0,"13":1,"14":0,"15":1,"16":0,"17":0,"18":0,"19":0,"20":0,"21":0,"22":0,"23":0,"24":0,"25":0,"26":0,"27":0,"28":0,"29":0,"30":0,"31":0,"32":0,"33":1,"34":0,"35":0,"36":0,"37":0,"38":0,"39":0,"40":0,"41":0,"42":1,"43":0,"44":0,"45":0,"46":0,"47":0,"48":1,"49":0,"50":0,"51":0,"52":0,"53":0,"54":0,"55":1,"56":0,"57":0,"58":0,"59":0,"60":0,"61":1,"62":0,"63":0,"64":0,"65":0,"66":0,"67":0,"68":0,"69":0,"70":0,"71":0,"72":0,"73":1},"f":{"0":0,"1":0,"2":0,"3":0,"4":0,"5":0,"6":0,"7":0,"8":0,"9":0,"10":0,"11":0,"12":0,"13":0,"14":0,"15":0,"16":0,"17":0,"18":0},"b":{"0":[0,0],"1":[0,0,0],"2":[0,0,0],"3":[0,0],"4":[0,0],"5":[0,0],"6":[0,0],"7":[0,0],"8":[0,0],"9":[0,0],"10":[0,0,0],"11":[0,0],"12":[0,0],"13":[0,0],"14":[0,0],"15":[0,0],"16":[0,0],"17":[0,0],"18":[0,0],"19":[0,0],"20":[0,0],"21":[0,0],"22":[0,0],"23":[0,0],"24":[0,0]}}
,"/home/tsdev_admin/Documents/repos/github/productivity/boilerplate-node-api-searcher/src/controllers/users/handlers.ts": {"path":"/home/tsdev_admin/Documents/repos/github/productivity/boilerplate-node-api-searcher/src/controllers/users/handlers.ts","statementMap":{"0":{"start":{"line":1,"column":32},"end":{"line":9,"column":1}},"1":{"start":{"line":2,"column":2},"end":{"line":8,"column":null}},"2":{"start":{"line":3,"column":4},"end":{"line":3,"column":null}},"3":{"start":{"line":4,"column":9},"end":{"line":8,"column":null}},"4":{"start":{"line":5,"column":4},"end":{"line":5,"column":null}},"5":{"start":{"line":7,"column":4},"end":{"line":7,"column":null}},"6":{"start":{"line":1,"column":13},"end":{"line":1,"column":32}}},"fnMap":{"0":{"name":"(anonymous_0)","decl":{"start":{"line":1,"column":32},"end":{"line":1,"column":33}},"loc":{"start":{"line":1,"column":53},"end":{"line":9,"column":1}}}},"branchMap":{"0":{"loc":{"start":{"line":2,"column":2},"end":{"line":8,"column":null}},"type":"if","locations":[{"start":{"line":2,"column":2},"end":{"line":8,"column":null}},{"start":{"line":4,"column":9},"end":{"line":8,"column":null}}]},"1":{"loc":{"start":{"line":4,"column":9},"end":{"line":8,"column":null}},"type":"if","locations":[{"start":{"line":4,"column":9},"end":{"line":8,"column":null}},{"start":{"line":6,"column":9},"end":{"line":8,"column":null}}]}},"s":{"0":1,"1":0,"2":0,"3":0,"4":0,"5":0,"6":1},"f":{"0":0},"b":{"0":[0,0],"1":[0,0]}}
,"/home/tsdev_admin/Documents/repos/github/productivity/boilerplate-node-api-searcher/src/controllers/users/index.ts": {"path":"/home/tsdev_admin/Documents/repos/github/productivity/boilerplate-node-api-searcher/src/controllers/users/index.ts","statementMap":{"0":{"start":{"line":1,"column":0},"end":{"line":1,"column":52}},"1":{"start":{"line":2,"column":0},"end":{"line":2,"column":27}},"2":{"start":{"line":3,"column":0},"end":{"line":3,"column":36}},"3":{"start":{"line":5,"column":0},"end":{"line":5,"column":null}},"4":{"start":{"line":12,"column":0},"end":{"line":12,"column":45}},"5":{"start":{"line":13,"column":0},"end":{"line":13,"column":30}},"6":{"start":{"line":14,"column":0},"end":{"line":14,"column":45}},"7":{"start":{"line":16,"column":15},"end":{"line":16,"column":31}},"8":{"start":{"line":21,"column":0},"end":{"line":23,"column":null}},"9":{"start":{"line":22,"column":2},"end":{"line":22,"column":null}},"10":{"start":{"line":33,"column":0},"end":{"line":67,"column":null}},"11":{"start":{"line":33,"column":75},"end":{"line":67,"column":2}},"12":{"start":{"line":34,"column":21},"end":{"line":34,"column":23}},"13":{"start":{"line":35,"column":40},"end":{"line":35,"column":64}},"14":{"start":{"line":36,"column":23},"end":{"line":36,"column":62}},"15":{"start":{"line":37,"column":29},"end":{"line":37,"column":65}},"16":{"start":{"line":39,"column":2},"end":{"line":41,"column":null}},"17":{"start":{"line":40,"column":4},"end":{"line":40,"column":null}},"18":{"start":{"line":43,"column":15},"end":{"line":47,"column":4}},"19":{"start":{"line":49,"column":2},"end":{"line":66,"column":null}},"20":{"start":{"line":50,"column":4},"end":{"line":50,"column":null}},"21":{"start":{"line":51,"column":9},"end":{"line":66,"column":null}},"22":{"start":{"line":52,"column":4},"end":{"line":52,"column":null}},"23":{"start":{"line":54,"column":4},"end":{"line":65,"column":null}},"24":{"start":{"line":55,"column":29},"end":{"line":60,"column":null}},"25":{"start":{"line":63,"column":10},"end":{"line":63,"column":null}},"26":{"start":{"line":65,"column":31},"end":{"line":65,"column":63}},"27":{"start":{"line":75,"column":0},"end":{"line":97,"column":null}},"28":{"start":{"line":75,"column":80},"end":{"line":97,"column":2}},"29":{"start":{"line":76,"column":29},"end":{"line":76,"column":58}},"30":{"start":{"line":78,"column":15},"end":{"line":78,"column":57}},"31":{"start":{"line":79,"column":15},"end":{"line":79,"column":69}},"32":{"start":{"line":81,"column":2},"end":{"line":96,"column":null}},"33":{"start":{"line":82,"column":4},"end":{"line":93,"column":null}},"34":{"start":{"line":86,"column":18},"end":{"line":91,"column":null}},"35":{"start":{"line":93,"column":31},"end":{"line":93,"column":63}},"36":{"start":{"line":95,"column":4},"end":{"line":95,"column":null}},"37":{"start":{"line":103,"column":0},"end":{"line":134,"column":null}},"38":{"start":{"line":103,"column":74},"end":{"line":134,"column":2}},"39":{"start":{"line":104,"column":19},"end":{"line":104,"column":41}},"40":{"start":{"line":105,"column":16},"end":{"line":105,"column":35}},"41":{"start":{"line":109,"column":43},"end":{"line":109,"column":72}},"42":{"start":{"line":110,"column":23},"end":{"line":110,"column":56}},"43":{"start":{"line":111,"column":26},"end":{"line":113,"column":50}},"44":{"start":{"line":115,"column":2},"end":{"line":117,"column":null}},"45":{"start":{"line":116,"column":4},"end":{"line":116,"column":null}},"46":{"start":{"line":126,"column":23},"end":{"line":129,"column":null}},"47":{"start":{"line":131,"column":16},"end":{"line":131,"column":63}},"48":{"start":{"line":133,"column":2},"end":{"line":133,"column":null}},"49":{"start":{"line":136,"column":0},"end":{"line":136,"column":null}}},"fnMap":{"0":{"name":"(anonymous_8)","decl":{"start":{"line":21,"column":20},"end":{"line":21,"column":21}},"loc":{"start":{"line":21,"column":44},"end":{"line":23,"column":1}}},"1":{"name":"(anonymous_9)","decl":{"start":{"line":33,"column":23},"end":{"line":33,"column":30}},"loc":{"start":{"line":33,"column":75},"end":{"line":67,"column":2}}},"2":{"name":"(anonymous_10)","decl":{"start":{"line":33,"column":75},"end":{"line":33,"column":null}},"loc":{"start":{"line":33,"column":75},"end":{"line":67,"column":1}}},"3":{"name":"(anonymous_11)","decl":{"start":{"line":55,"column":14},"end":{"line":55,"column":15}},"loc":{"start":{"line":55,"column":29},"end":{"line":60,"column":null}}},"4":{"name":"(anonymous_12)","decl":{"start":{"line":62,"column":15},"end":{"line":62,"column":16}},"loc":{"start":{"line":62,"column":32},"end":{"line":64,"column":9}}},"5":{"name":"(anonymous_13)","decl":{"start":{"line":65,"column":13},"end":{"line":65,"column":14}},"loc":{"start":{"line":65,"column":31},"end":{"line":65,"column":63}}},"6":{"name":"(anonymous_14)","decl":{"start":{"line":75,"column":42},"end":{"line":75,"column":49}},"loc":{"start":{"line":75,"column":80},"end":{"line":97,"column":2}}},"7":{"name":"(anonymous_15)","decl":{"start":{"line":75,"column":80},"end":{"line":75,"column":null}},"loc":{"start":{"line":75,"column":80},"end":{"line":97,"column":1}}},"8":{"name":"(anonymous_16)","decl":{"start":{"line":86,"column":12},"end":{"line":86,"column":15}},"loc":{"start":{"line":86,"column":18},"end":{"line":91,"column":null}}},"9":{"name":"(anonymous_17)","decl":{"start":{"line":93,"column":13},"end":{"line":93,"column":14}},"loc":{"start":{"line":93,"column":31},"end":{"line":93,"column":63}}},"10":{"name":"(anonymous_18)","decl":{"start":{"line":103,"column":22},"end":{"line":103,"column":29}},"loc":{"start":{"line":103,"column":74},"end":{"line":134,"column":2}}},"11":{"name":"(anonymous_19)","decl":{"start":{"line":103,"column":74},"end":{"line":103,"column":null}},"loc":{"start":{"line":103,"column":74},"end":{"line":134,"column":1}}}},"branchMap":{"0":{"loc":{"start":{"line":39,"column":2},"end":{"line":41,"column":null}},"type":"if","locations":[{"start":{"line":39,"column":2},"end":{"line":41,"column":null}}]},"1":{"loc":{"start":{"line":39,"column":31},"end":{"line":39,"column":49}},"type":"binary-expr","locations":[{"start":{"line":39,"column":31},"end":{"line":39,"column":39}},{"start":{"line":39,"column":43},"end":{"line":39,"column":49}}]},"2":{"loc":{"start":{"line":49,"column":2},"end":{"line":66,"column":null}},"type":"if","locations":[{"start":{"line":49,"column":2},"end":{"line":66,"column":null}},{"start":{"line":51,"column":9},"end":{"line":66,"column":null}}]},"3":{"loc":{"start":{"line":51,"column":9},"end":{"line":66,"column":null}},"type":"if","locations":[{"start":{"line":51,"column":9},"end":{"line":66,"column":null}},{"start":{"line":53,"column":9},"end":{"line":66,"column":null}}]},"4":{"loc":{"start":{"line":81,"column":2},"end":{"line":96,"column":null}},"type":"if","locations":[{"start":{"line":81,"column":2},"end":{"line":96,"column":null}},{"start":{"line":94,"column":9},"end":{"line":96,"column":null}}]},"5":{"loc":{"start":{"line":110,"column":26},"end":{"line":110,"column":54}},"type":"cond-expr","locations":[{"start":{"line":110,"column":33},"end":{"line":110,"column":50}},{"start":{"line":110,"column":52},"end":{"line":110,"column":54}}]},"6":{"loc":{"start":{"line":111,"column":26},"end":{"line":113,"column":50}},"type":"cond-expr","locations":[{"start":{"line":112,"column":6},"end":{"line":112,"column":11}},{"start":{"line":113,"column":6},"end":{"line":113,"column":50}}]},"7":{"loc":{"start":{"line":115,"column":2},"end":{"line":117,"column":null}},"type":"if","locations":[{"start":{"line":115,"column":2},"end":{"line":117,"column":null}}]},"8":{"loc":{"start":{"line":115,"column":8},"end":{"line":115,"column":31}},"type":"binary-expr","locations":[{"start":{"line":115,"column":8},"end":{"line":115,"column":12}},{"start":{"line":115,"column":16},"end":{"line":115,"column":31}}]}},"s":{"0":1,"1":1,"2":1,"3":1,"4":1,"5":1,"6":1,"7":1,"8":1,"9":0,"10":1,"11":0,"12":0,"13":0,"14":0,"15":0,"16":0,"17":0,"18":0,"19":0,"20":0,"21":0,"22":0,"23":0,"24":0,"25":0,"26":0,"27":1,"28":0,"29":0,"30":0,"31":0,"32":0,"33":0,"34":0,"35":0,"36":0,"37":1,"38":0,"39":0,"40":0,"41":0,"42":0,"43":0,"44":0,"45":0,"46":0,"47":0,"48":0,"49":1},"f":{"0":0,"1":0,"2":0,"3":0,"4":0,"5":0,"6":0,"7":0,"8":0,"9":0,"10":0,"11":0},"b":{"0":[0],"1":[0,0],"2":[0,0],"3":[0,0],"4":[0,0],"5":[0,0],"6":[0,0],"7":[0],"8":[0,0]}}
,"/home/tsdev_admin/Documents/repos/github/productivity/boilerplate-node-api-searcher/src/domain/index.ts": {"path":"/home/tsdev_admin/Documents/repos/github/productivity/boilerplate-node-api-searcher/src/domain/index.ts","statementMap":{"0":{"start":{"line":4,"column":13},"end":{"line":4,"column":null}},"1":{"start":{"line":5,"column":13},"end":{"line":5,"column":null}}},"fnMap":{},"branchMap":{},"s":{"0":1,"1":1},"f":{},"b":{}}
,"/home/tsdev_admin/Documents/repos/github/productivity/boilerplate-node-api-searcher/src/labels/api_messages/firms.ts": {"path":"/home/tsdev_admin/Documents/repos/github/productivity/boilerplate-node-api-searcher/src/labels/api_messages/firms.ts","statementMap":{"0":{"start":{"line":1,"column":13},"end":{"line":1,"column":null}},"1":{"start":{"line":2,"column":13},"end":{"line":2,"column":null}},"2":{"start":{"line":3,"column":27},"end":{"line":3,"column":102}},"3":{"start":{"line":3,"column":52},"end":{"line":3,"column":102}},"4":{"start":{"line":3,"column":13},"end":{"line":3,"column":27}},"5":{"start":{"line":4,"column":13},"end":{"line":4,"column":null}}},"fnMap":{"0":{"name":"(anonymous_0)","decl":{"start":{"line":3,"column":27},"end":{"line":3,"column":28}},"loc":{"start":{"line":3,"column":52},"end":{"line":3,"column":102}}}},"branchMap":{},"s":{"0":1,"1":1,"2":1,"3":0,"4":1,"5":1},"f":{"0":0},"b":{}}
,"/home/tsdev_admin/Documents/repos/github/productivity/boilerplate-node-api-searcher/src/labels/api_messages/users.ts": {"path":"/home/tsdev_admin/Documents/repos/github/productivity/boilerplate-node-api-searcher/src/labels/api_messages/users.ts","statementMap":{"0":{"start":{"line":1,"column":13},"end":{"line":1,"column":null}},"1":{"start":{"line":2,"column":13},"end":{"line":2,"column":null}},"2":{"start":{"line":3,"column":13},"end":{"line":3,"column":null}},"3":{"start":{"line":4,"column":13},"end":{"line":4,"column":null}},"4":{"start":{"line":5,"column":13},"end":{"line":5,"column":null}},"5":{"start":{"line":6,"column":13},"end":{"line":6,"column":null}},"6":{"start":{"line":7,"column":13},"end":{"line":7,"column":null}},"7":{"start":{"line":8,"column":13},"end":{"line":8,"column":null}},"8":{"start":{"line":9,"column":13},"end":{"line":9,"column":null}},"9":{"start":{"line":10,"column":13},"end":{"line":10,"column":null}},"10":{"start":{"line":11,"column":13},"end":{"line":11,"column":null}}},"fnMap":{},"branchMap":{},"s":{"0":1,"1":1,"2":1,"3":1,"4":1,"5":1,"6":1,"7":1,"8":1,"9":1,"10":1},"f":{},"b":{}}
,"/home/tsdev_admin/Documents/repos/github/productivity/boilerplate-node-api-searcher/src/labels/dev_tips/firms.ts": {"path":"/home/tsdev_admin/Documents/repos/github/productivity/boilerplate-node-api-searcher/src/labels/dev_tips/firms.ts","statementMap":{"0":{"start":{"line":1,"column":13},"end":{"line":1,"column":null}},"1":{"start":{"line":2,"column":13},"end":{"line":2,"column":null}},"2":{"start":{"line":3,"column":13},"end":{"line":3,"column":null}},"3":{"start":{"line":4,"column":13},"end":{"line":4,"column":null}}},"fnMap":{},"branchMap":{},"s":{"0":1,"1":1,"2":1,"3":1},"f":{},"b":{}}
,"/home/tsdev_admin/Documents/repos/github/productivity/boilerplate-node-api-searcher/src/labels/misc/index.ts": {"path":"/home/tsdev_admin/Documents/repos/github/productivity/boilerplate-node-api-searcher/src/labels/misc/index.ts","statementMap":{"0":{"start":{"line":1,"column":13},"end":{"line":1,"column":null}}},"fnMap":{},"branchMap":{},"s":{"0":1},"f":{},"b":{}}
,"/home/tsdev_admin/Documents/repos/github/productivity/boilerplate-node-api-searcher/src/middlewares/authentication/index.ts": {"path":"/home/tsdev_admin/Documents/repos/github/productivity/boilerplate-node-api-searcher/src/middlewares/authentication/index.ts","statementMap":{"0":{"start":{"line":18,"column":0},"end":{"line":26,"column":1}},"1":{"start":{"line":19,"column":15},"end":{"line":19,"column":39}},"2":{"start":{"line":20,"column":2},"end":{"line":25,"column":null}},"3":{"start":{"line":21,"column":4},"end":{"line":21,"column":null}},"4":{"start":{"line":22,"column":4},"end":{"line":22,"column":null}},"5":{"start":{"line":24,"column":4},"end":{"line":24,"column":null}},"6":{"start":{"line":17,"column":13},"end":{"line":17,"column":null}}},"fnMap":{"0":{"name":"(anonymous_0)","decl":{"start":{"line":18,"column":0},"end":{"line":18,"column":1}},"loc":{"start":{"line":18,"column":53},"end":{"line":26,"column":1}}}},"branchMap":{"0":{"loc":{"start":{"line":20,"column":2},"end":{"line":25,"column":null}},"type":"if","locations":[{"start":{"line":20,"column":2},"end":{"line":25,"column":null}},{"start":{"line":23,"column":9},"end":{"line":25,"column":null}}]},"1":{"loc":{"start":{"line":20,"column":6},"end":{"line":20,"column":54}},"type":"binary-expr","locations":[{"start":{"line":20,"column":6},"end":{"line":20,"column":10}},{"start":{"line":20,"column":14},"end":{"line":20,"column":54}}]}},"s":{"0":1,"1":6,"2":6,"3":3,"4":3,"5":3,"6":1},"f":{"0":6},"b":{"0":[3,3],"1":[6,4]}}
,"/home/tsdev_admin/Documents/repos/github/productivity/boilerplate-node-api-searcher/src/middlewares/error_handling/index.ts": {"path":"/home/tsdev_admin/Documents/repos/github/productivity/boilerplate-node-api-searcher/src/middlewares/error_handling/index.ts","statementMap":{"0":{"start":{"line":2,"column":0},"end":{"line":2,"column":54}},"1":{"start":{"line":4,"column":0},"end":{"line":4,"column":100}},"2":{"start":{"line":15,"column":0},"end":{"line":18,"column":null}},"3":{"start":{"line":15,"column":65},"end":{"line":18,"column":null}},"4":{"start":{"line":28,"column":0},"end":{"line":51,"column":1}},"5":{"start":{"line":29,"column":2},"end":{"line":29,"column":null}},"6":{"start":{"line":31,"column":2},"end":{"line":50,"column":null}},"7":{"start":{"line":32,"column":4},"end":{"line":32,"column":null}},"8":{"start":{"line":33,"column":4},"end":{"line":33,"column":null}},"9":{"start":{"line":34,"column":9},"end":{"line":50,"column":null}},"10":{"start":{"line":35,"column":4},"end":{"line":35,"column":null}},"11":{"start":{"line":36,"column":4},"end":{"line":43,"column":null}},"12":{"start":{"line":37,"column":6},"end":{"line":40,"column":null}},"13":{"start":{"line":42,"column":6},"end":{"line":42,"column":null}},"14":{"start":{"line":44,"column":9},"end":{"line":50,"column":null}},"15":{"start":{"line":45,"column":4},"end":{"line":45,"column":null}},"16":{"start":{"line":46,"column":4},"end":{"line":46,"column":null}},"17":{"start":{"line":48,"column":4},"end":{"line":48,"column":null}},"18":{"start":{"line":49,"column":4},"end":{"line":49,"column":null}},"19":{"start":{"line":27,"column":13},"end":{"line":27,"column":null}}},"fnMap":{"0":{"name":"(anonymous_0)","decl":{"start":{"line":15,"column":0},"end":{"line":15,"column":1}},"loc":{"start":{"line":15,"column":65},"end":{"line":18,"column":null}}},"1":{"name":"(anonymous_1)","decl":{"start":{"line":28,"column":0},"end":{"line":28,"column":1}},"loc":{"start":{"line":28,"column":67},"end":{"line":51,"column":1}}}},"branchMap":{"0":{"loc":{"start":{"line":31,"column":2},"end":{"line":50,"column":null}},"type":"if","locations":[{"start":{"line":31,"column":2},"end":{"line":50,"column":null}},{"start":{"line":34,"column":9},"end":{"line":50,"column":null}}]},"1":{"loc":{"start":{"line":34,"column":9},"end":{"line":50,"column":null}},"type":"if","locations":[{"start":{"line":34,"column":9},"end":{"line":50,"column":null}},{"start":{"line":44,"column":9},"end":{"line":50,"column":null}}]},"2":{"loc":{"start":{"line":36,"column":4},"end":{"line":43,"column":null}},"type":"if","locations":[{"start":{"line":36,"column":4},"end":{"line":43,"column":null}},{"start":{"line":41,"column":11},"end":{"line":43,"column":null}}]},"3":{"loc":{"start":{"line":44,"column":9},"end":{"line":50,"column":null}},"type":"if","locations":[{"start":{"line":44,"column":9},"end":{"line":50,"column":null}},{"start":{"line":47,"column":9},"end":{"line":50,"column":null}}]}},"s":{"0":1,"1":1,"2":1,"3":2,"4":1,"5":3,"6":3,"7":0,"8":0,"9":3,"10":1,"11":1,"12":1,"13":0,"14":2,"15":2,"16":2,"17":0,"18":0,"19":1},"f":{"0":2,"1":3},"b":{"0":[0,3],"1":[1,2],"2":[1,0],"3":[2,0]}}
,"/home/tsdev_admin/Documents/repos/github/productivity/boilerplate-node-api-searcher/src/models/entry/index.ts": {"path":"/home/tsdev_admin/Documents/repos/github/productivity/boilerplate-node-api-searcher/src/models/entry/index.ts","statementMap":{"0":{"start":{"line":1,"column":0},"end":{"line":1,"column":40}},"1":{"start":{"line":2,"column":0},"end":{"line":2,"column":55}},"2":{"start":{"line":5,"column":20},"end":{"line":23,"column":2}},"3":{"start":{"line":34,"column":0},"end":{"line":34,"column":null}},"4":{"start":{"line":42,"column":19},"end":{"line":42,"column":57}},"5":{"start":{"line":44,"column":0},"end":{"line":44,"column":null}}},"fnMap":{},"branchMap":{},"s":{"0":1,"1":1,"2":1,"3":1,"4":1,"5":1},"f":{},"b":{}}
,"/home/tsdev_admin/Documents/repos/github/productivity/boilerplate-node-api-searcher/src/models/firm/index.ts": {"path":"/home/tsdev_admin/Documents/repos/github/productivity/boilerplate-node-api-searcher/src/models/firm/index.ts","statementMap":{"0":{"start":{"line":1,"column":0},"end":{"line":1,"column":31}},"1":{"start":{"line":2,"column":0},"end":{"line":2,"column":55}},"2":{"start":{"line":5,"column":19},"end":{"line":54,"column":2}},"3":{"start":{"line":56,"column":0},"end":{"line":66,"column":null}},"4":{"start":{"line":57,"column":2},"end":{"line":57,"column":null}},"5":{"start":{"line":58,"column":17},"end":{"line":58,"column":49}},"6":{"start":{"line":59,"column":2},"end":{"line":64,"column":null}},"7":{"start":{"line":65,"column":2},"end":{"line":65,"column":null}},"8":{"start":{"line":68,"column":0},"end":{"line":68,"column":null}},"9":{"start":{"line":70,"column":13},"end":{"line":70,"column":47}},"10":{"start":{"line":72,"column":0},"end":{"line":72,"column":null}}},"fnMap":{"0":{"name":"(anonymous_1)","decl":{"start":{"line":56,"column":33},"end":{"line":56,"column":58}},"loc":{"start":{"line":56,"column":62},"end":{"line":66,"column":1}}}},"branchMap":{},"s":{"0":1,"1":1,"2":1,"3":1,"4":0,"5":0,"6":0,"7":0,"8":1,"9":1,"10":1},"f":{"0":0},"b":{}}
,"/home/tsdev_admin/Documents/repos/github/productivity/boilerplate-node-api-searcher/src/models/report_firm/index.ts": {"path":"/home/tsdev_admin/Documents/repos/github/productivity/boilerplate-node-api-searcher/src/models/report_firm/index.ts","statementMap":{"0":{"start":{"line":1,"column":0},"end":{"line":1,"column":31}},"1":{"start":{"line":2,"column":0},"end":{"line":2,"column":55}},"2":{"start":{"line":5,"column":25},"end":{"line":21,"column":2}},"3":{"start":{"line":23,"column":0},"end":{"line":23,"column":null}},"4":{"start":{"line":25,"column":19},"end":{"line":25,"column":65}},"5":{"start":{"line":27,"column":0},"end":{"line":27,"column":null}}},"fnMap":{},"branchMap":{},"s":{"0":1,"1":1,"2":1,"3":1,"4":1,"5":1},"f":{},"b":{}}
,"/home/tsdev_admin/Documents/repos/github/productivity/boilerplate-node-api-searcher/src/models/user/index.ts": {"path":"/home/tsdev_admin/Documents/repos/github/productivity/boilerplate-node-api-searcher/src/models/user/index.ts","statementMap":{"0":{"start":{"line":1,"column":0},"end":{"line":1,"column":47}},"1":{"start":{"line":2,"column":0},"end":{"line":2,"column":55}},"2":{"start":{"line":3,"column":0},"end":{"line":3,"column":51}},"3":{"start":{"line":13,"column":19},"end":{"line":36,"column":2}},"4":{"start":{"line":38,"column":0},"end":{"line":45,"column":null}},"5":{"start":{"line":40,"column":4},"end":{"line":40,"column":null}},"6":{"start":{"line":42,"column":4},"end":{"line":42,"column":null}},"7":{"start":{"line":43,"column":4},"end":{"line":43,"column":null}},"8":{"start":{"line":47,"column":0},"end":{"line":47,"column":null}},"9":{"start":{"line":49,"column":13},"end":{"line":49,"column":48}},"10":{"start":{"line":51,"column":0},"end":{"line":51,"column":null}}},"fnMap":{"0":{"name":"(anonymous_1)","decl":{"start":{"line":39,"column":13},"end":{"line":39,"column":14}},"loc":{"start":{"line":39,"column":43},"end":{"line":44,"column":3}}}},"branchMap":{},"s":{"0":1,"1":1,"2":1,"3":1,"4":1,"5":0,"6":0,"7":0,"8":1,"9":1,"10":1},"f":{"0":0},"b":{}}
,"/home/tsdev_admin/Documents/repos/github/productivity/boilerplate-node-api-searcher/src/utils/config.ts": {"path":"/home/tsdev_admin/Documents/repos/github/productivity/boilerplate-node-api-searcher/src/utils/config.ts","statementMap":{"0":{"start":{"line":1,"column":0},"end":{"line":1,"column":27}},"1":{"start":{"line":2,"column":0},"end":{"line":2,"column":null}},"2":{"start":{"line":4,"column":13},"end":{"line":4,"column":null}},"3":{"start":{"line":5,"column":13},"end":{"line":5,"column":null}},"4":{"start":{"line":6,"column":13},"end":{"line":6,"column":null}},"5":{"start":{"line":7,"column":13},"end":{"line":11,"column":null}},"6":{"start":{"line":12,"column":13},"end":{"line":14,"column":null}}},"fnMap":{},"branchMap":{"0":{"loc":{"start":{"line":4,"column":20},"end":{"line":4,"column":44}},"type":"binary-expr","locations":[{"start":{"line":4,"column":20},"end":{"line":4,"column":36}},{"start":{"line":4,"column":40},"end":{"line":4,"column":44}}]},"1":{"loc":{"start":{"line":7,"column":27},"end":{"line":11,"column":33}},"type":"cond-expr","locations":[{"start":{"line":8,"column":4},"end":{"line":8,"column":32}},{"start":{"line":9,"column":4},"end":{"line":11,"column":33}}]},"2":{"loc":{"start":{"line":9,"column":4},"end":{"line":11,"column":33}},"type":"cond-expr","locations":[{"start":{"line":10,"column":6},"end":{"line":10,"column":33}},{"start":{"line":11,"column":6},"end":{"line":11,"column":33}}]},"3":{"loc":{"start":{"line":12,"column":23},"end":{"line":14,"column":29}},"type":"cond-expr","locations":[{"start":{"line":13,"column":4},"end":{"line":13,"column":32}},{"start":{"line":14,"column":4},"end":{"line":14,"column":29}}]}},"s":{"0":1,"1":1,"2":1,"3":1,"4":1,"5":1,"6":1},"f":{},"b":{"0":[1,0],"1":[1,0],"2":[0,0],"3":[0,1]}}
,"/home/tsdev_admin/Documents/repos/github/productivity/boilerplate-node-api-searcher/src/utils/logger.ts": {"path":"/home/tsdev_admin/Documents/repos/github/productivity/boilerplate-node-api-searcher/src/utils/logger.ts","statementMap":{"0":{"start":{"line":3,"column":20},"end":{"line":7,"column":1}},"1":{"start":{"line":4,"column":2},"end":{"line":6,"column":null}},"2":{"start":{"line":5,"column":4},"end":{"line":5,"column":null}},"3":{"start":{"line":3,"column":13},"end":{"line":3,"column":20}},"4":{"start":{"line":9,"column":21},"end":{"line":13,"column":1}},"5":{"start":{"line":10,"column":2},"end":{"line":12,"column":null}},"6":{"start":{"line":11,"column":4},"end":{"line":11,"column":null}},"7":{"start":{"line":9,"column":13},"end":{"line":9,"column":21}},"8":{"start":{"line":15,"column":19},"end":{"line":19,"column":1}},"9":{"start":{"line":16,"column":2},"end":{"line":18,"column":null}},"10":{"start":{"line":17,"column":4},"end":{"line":17,"column":null}},"11":{"start":{"line":15,"column":13},"end":{"line":15,"column":19}}},"fnMap":{"0":{"name":"(anonymous_0)","decl":{"start":{"line":3,"column":20},"end":{"line":3,"column":21}},"loc":{"start":{"line":3,"column":56},"end":{"line":7,"column":1}}},"1":{"name":"(anonymous_1)","decl":{"start":{"line":9,"column":21},"end":{"line":9,"column":22}},"loc":{"start":{"line":9,"column":56},"end":{"line":13,"column":1}}},"2":{"name":"(anonymous_2)","decl":{"start":{"line":15,"column":19},"end":{"line":15,"column":20}},"loc":{"start":{"line":15,"column":55},"end":{"line":19,"column":1}}}},"branchMap":{"0":{"loc":{"start":{"line":4,"column":2},"end":{"line":6,"column":null}},"type":"if","locations":[{"start":{"line":4,"column":2},"end":{"line":6,"column":null}}]},"1":{"loc":{"start":{"line":10,"column":2},"end":{"line":12,"column":null}},"type":"if","locations":[{"start":{"line":10,"column":2},"end":{"line":12,"column":null}}]},"2":{"loc":{"start":{"line":16,"column":2},"end":{"line":18,"column":null}},"type":"if","locations":[{"start":{"line":16,"column":2},"end":{"line":18,"column":null}}]}},"s":{"0":1,"1":2,"2":0,"3":1,"4":1,"5":3,"6":0,"7":1,"8":1,"9":0,"10":0,"11":1},"f":{"0":2,"1":3,"2":0},"b":{"0":[0],"1":[0],"2":[0]}}
,"/home/tsdev_admin/Documents/repos/github/productivity/boilerplate-node-api-searcher/src/views/json/firms.ts": {"path":"/home/tsdev_admin/Documents/repos/github/productivity/boilerplate-node-api-searcher/src/views/json/firms.ts","statementMap":{"0":{"start":{"line":1,"column":0},"end":{"line":1,"column":62}},"1":{"start":{"line":2,"column":0},"end":{"line":2,"column":54}},"2":{"start":{"line":5,"column":13},"end":{"line":9,"column":null}},"3":{"start":{"line":11,"column":13},"end":{"line":15,"column":null}},"4":{"start":{"line":17,"column":27},"end":{"line":21,"column":2}},"5":{"start":{"line":17,"column":45},"end":{"line":21,"column":2}},"6":{"start":{"line":17,"column":13},"end":{"line":17,"column":27}},"7":{"start":{"line":23,"column":13},"end":{"line":27,"column":null}}},"fnMap":{"0":{"name":"(anonymous_6)","decl":{"start":{"line":17,"column":27},"end":{"line":17,"column":28}},"loc":{"start":{"line":17,"column":45},"end":{"line":21,"column":2}}}},"branchMap":{},"s":{"0":1,"1":1,"2":1,"3":1,"4":1,"5":0,"6":1,"7":1},"f":{"0":0},"b":{}}
,"/home/tsdev_admin/Documents/repos/github/productivity/boilerplate-node-api-searcher/src/views/json/users.ts": {"path":"/home/tsdev_admin/Documents/repos/github/productivity/boilerplate-node-api-searcher/src/views/json/users.ts","statementMap":{"0":{"start":{"line":2,"column":0},"end":{"line":2,"column":null}},"1":{"start":{"line":17,"column":13},"end":{"line":20,"column":null}},"2":{"start":{"line":23,"column":13},"end":{"line":26,"column":null}},"3":{"start":{"line":29,"column":13},"end":{"line":32,"column":null}},"4":{"start":{"line":35,"column":13},"end":{"line":38,"column":null}},"5":{"start":{"line":41,"column":13},"end":{"line":44,"column":null}},"6":{"start":{"line":47,"column":13},"end":{"line":50,"column":null}},"7":{"start":{"line":53,"column":13},"end":{"line":56,"column":null}},"8":{"start":{"line":62,"column":14},"end":{"line":65,"column":null}},"9":{"start":{"line":71,"column":14},"end":{"line":74,"column":null}},"10":{"start":{"line":80,"column":32},"end":{"line":83,"column":2}},"11":{"start":{"line":80,"column":67},"end":{"line":83,"column":2}},"12":{"start":{"line":80,"column":14},"end":{"line":80,"column":32}},"13":{"start":{"line":89,"column":14},"end":{"line":92,"column":null}}},"fnMap":{"0":{"name":"(anonymous_0)","decl":{"start":{"line":80,"column":32},"end":{"line":80,"column":33}},"loc":{"start":{"line":80,"column":67},"end":{"line":83,"column":2}}}},"branchMap":{"0":{"loc":{"start":{"line":82,"column":16},"end":{"line":82,"column":43}},"type":"binary-expr","locations":[{"start":{"line":82,"column":16},"end":{"line":82,"column":23}},{"start":{"line":82,"column":27},"end":{"line":82,"column":43}}]}},"s":{"0":1,"1":1,"2":1,"3":1,"4":1,"5":1,"6":1,"7":1,"8":1,"9":1,"10":1,"11":1,"12":1,"13":1},"f":{"0":1},"b":{"0":[1,0]}}
}
