TN:
SF:src/app.ts
FN:21,(anonymous_1)
FNF:1
FNH:0
FNDA:0,(anonymous_1)
DA:1,1
DA:2,1
DA:3,1
DA:4,1
DA:5,1
DA:6,1
DA:7,1
DA:8,1
DA:9,1
DA:11,1
DA:12,1
DA:13,1
DA:14,1
DA:15,1
DA:16,1
DA:17,1
DA:18,1
DA:19,1
DA:21,1
DA:22,0
DA:23,0
DA:26,1
DA:27,1
DA:28,1
DA:30,1
LF:25
LH:23
BRF:0
BRH:0
end_of_record
TN:
SF:src/index.ts
FN:10,(anonymous_1)
FN:13,(anonymous_2)
FN:19,(anonymous_3)
FNF:3
FNH:2
FNDA:1,(anonymous_1)
FNDA:0,(anonymous_2)
FNDA:1,(anonymous_3)
DA:1,1
DA:2,1
DA:3,1
DA:4,1
DA:6,1
DA:11,1
DA:14,0
DA:17,1
DA:19,1
DA:20,1
DA:23,1
LF:11
LH:10
BRF:0
BRH:0
end_of_record
TN:
SF:src/controllers/entries/handlers.ts
FN:14,(anonymous_1)
FN:20,(anonymous_2)
FNF:2
FNH:2
FNDA:3,(anonymous_1)
FNDA:3,(anonymous_2)
DA:2,1
DA:14,1
DA:17,3
DA:19,3
DA:21,3
DA:22,1
DA:24,2
LF:7
LH:7
BRDA:17,0,0,3
BRDA:17,0,1,3
BRDA:17,1,0,0
BRDA:17,1,1,3
BRDA:17,2,0,3
BRDA:17,2,1,3
BRDA:21,3,0,1
BRDA:21,3,1,2
BRF:8
BRH:7
end_of_record
TN:
SF:src/controllers/entries/index.ts
FN:30,(anonymous_8)
FN:39,(anonymous_9)
FN:39,(anonymous_10)
FN:51,(anonymous_11)
FN:51,(anonymous_12)
FN:68,(anonymous_13)
FN:68,(anonymous_14)
FN:85,(anonymous_15)
FN:85,(anonymous_16)
FN:98,(anonymous_17)
FN:99,(anonymous_18)
FN:131,(anonymous_19)
FN:131,(anonymous_20)
FN:151,(anonymous_21)
FN:156,(anonymous_22)
FN:165,(anonymous_23)
FNF:16
FNH:4
FNDA:1,(anonymous_8)
FNDA:0,(anonymous_9)
FNDA:0,(anonymous_10)
FNDA:0,(anonymous_11)
FNDA:0,(anonymous_12)
FNDA:0,(anonymous_13)
FNDA:0,(anonymous_14)
FNDA:0,(anonymous_15)
FNDA:0,(anonymous_16)
FNDA:0,(anonymous_17)
FNDA:0,(anonymous_18)
FNDA:0,(anonymous_19)
FNDA:0,(anonymous_20)
FNDA:5,(anonymous_21)
FNDA:5,(anonymous_22)
FNDA:3,(anonymous_23)
DA:2,1
DA:3,1
DA:4,1
DA:5,1
DA:7,1
DA:11,1
DA:30,1
DA:31,1
DA:39,1
DA:40,0
DA:43,0
DA:51,1
DA:52,0
DA:53,0
DA:59,0
DA:68,1
DA:69,0
DA:70,0
DA:76,0
DA:85,1
DA:86,0
DA:87,0
DA:98,1
DA:99,0
DA:101,0
DA:104,0
DA:106,0
DA:107,0
DA:109,0
DA:110,0
DA:111,0
DA:113,0
DA:114,0
DA:115,0
DA:118,0
DA:119,0
DA:131,1
DA:133,0
DA:135,0
DA:138,0
DA:139,0
DA:141,0
DA:151,1
DA:153,5
DA:157,5
DA:158,2
DA:161,3
DA:165,3
DA:173,1
LF:49
LH:21
BRDA:87,0,0,0
BRDA:87,0,1,0
BRDA:106,1,0,0
BRDA:106,1,1,0
BRDA:106,2,0,0
BRDA:106,2,1,0
BRDA:110,3,0,0
BRDA:110,3,1,0
BRDA:114,4,0,0
BRDA:114,4,1,0
BRDA:114,5,0,0
BRDA:114,5,1,0
BRDA:118,6,0,0
BRDA:118,6,1,0
BRDA:118,7,0,0
BRDA:118,7,1,0
BRDA:118,8,0,0
BRDA:118,8,1,0
BRDA:138,9,0,0
BRDA:138,9,1,0
BRDA:157,10,0,2
BRDA:157,10,1,3
BRDA:165,11,0,0
BRDA:165,11,1,3
BRF:24
BRH:3
end_of_record
TN:
SF:src/controllers/firms/handlers.ts
FN:18,(anonymous_1)
FN:24,(anonymous_2)
FN:41,(anonymous_3)
FN:49,(anonymous_4)
FNF:4
FNH:0
FNDA:0,(anonymous_1)
FNDA:0,(anonymous_2)
FNDA:0,(anonymous_3)
FNDA:0,(anonymous_4)
DA:3,1
DA:4,1
DA:6,1
DA:18,1
DA:21,0
DA:22,0
DA:23,0
DA:25,0
DA:26,0
DA:28,0
DA:41,1
DA:44,0
DA:46,0
DA:48,0
DA:50,0
DA:51,0
DA:53,0
LF:17
LH:5
BRDA:21,0,0,0
BRDA:21,0,1,0
BRDA:21,1,0,0
BRDA:21,1,1,0
BRDA:21,2,0,0
BRDA:21,2,1,0
BRDA:25,3,0,0
BRDA:25,3,1,0
BRDA:50,4,0,0
BRDA:50,4,1,0
BRF:10
BRH:0
end_of_record
TN:
SF:src/controllers/firms/index.ts
FN:53,(anonymous_8)
FN:60,(anonymous_9)
FN:72,(anonymous_10)
FN:72,(anonymous_11)
FN:78,(anonymous_12)
FN:93,(anonymous_13)
FN:106,(anonymous_14)
FN:164,(anonymous_15)
FN:164,(anonymous_16)
FN:212,(anonymous_17)
FN:212,(anonymous_18)
FN:230,(anonymous_19)
FN:230,(anonymous_20)
FN:239,(anonymous_21)
FN:248,(anonymous_22)
FN:253,(anonymous_23)
FN:262,(anonymous_24)
FN:276,(anonymous_25)
FN:276,(anonymous_26)
FNF:19
FNH:0
FNDA:0,(anonymous_8)
FNDA:0,(anonymous_9)
FNDA:0,(anonymous_10)
FNDA:0,(anonymous_11)
FNDA:0,(anonymous_12)
FNDA:0,(anonymous_13)
FNDA:0,(anonymous_14)
FNDA:0,(anonymous_15)
FNDA:0,(anonymous_16)
FNDA:0,(anonymous_17)
FNDA:0,(anonymous_18)
FNDA:0,(anonymous_19)
FNDA:0,(anonymous_20)
FNDA:0,(anonymous_21)
FNDA:0,(anonymous_22)
FNDA:0,(anonymous_23)
FNDA:0,(anonymous_24)
FNDA:0,(anonymous_25)
FNDA:0,(anonymous_26)
DA:1,1
DA:3,1
DA:4,1
DA:6,1
DA:7,1
DA:8,1
DA:15,1
DA:22,1
DA:30,1
DA:36,1
DA:48,1
DA:53,1
DA:54,0
DA:60,1
DA:61,0
DA:72,1
DA:74,0
DA:75,0
DA:76,0
DA:78,0
DA:79,0
DA:88,0
DA:93,0
DA:94,0
DA:101,0
DA:106,0
DA:107,0
DA:117,0
DA:122,0
DA:136,0
DA:150,0
DA:155,0
DA:164,1
DA:165,0
DA:166,0
DA:168,0
DA:177,0
DA:185,0
DA:197,0
DA:202,0
DA:212,1
DA:213,0
DA:214,0
DA:215,0
DA:221,0
DA:230,1
DA:232,0
DA:233,0
DA:235,0
DA:239,0
DA:240,0
DA:248,1
DA:250,0
DA:254,0
DA:255,0
DA:258,0
DA:262,0
DA:276,1
DA:277,0
DA:278,0
DA:279,0
DA:281,0
DA:282,0
DA:285,0
DA:286,0
DA:287,0
DA:289,0
DA:290,0
DA:295,1
LF:69
LH:20
BRDA:74,0,0,0
BRDA:74,0,1,0
BRDA:75,1,0,0
BRDA:75,1,1,0
BRDA:75,1,2,0
BRDA:76,2,0,0
BRDA:76,2,1,0
BRDA:76,2,2,0
BRDA:88,3,0,0
BRDA:88,3,1,0
BRDA:88,4,0,0
BRDA:88,4,1,0
BRDA:101,5,0,0
BRDA:101,5,1,0
BRDA:117,6,0,0
BRDA:117,6,1,0
BRDA:117,7,0,0
BRDA:117,7,1,0
BRDA:155,8,0,0
BRDA:155,8,1,0
BRDA:155,9,0,0
BRDA:155,9,1,0
BRDA:165,10,0,0
BRDA:165,10,1,0
BRDA:165,10,2,0
BRDA:165,11,0,0
BRDA:165,11,1,0
BRDA:165,12,0,0
BRDA:165,12,1,0
BRDA:165,13,0,0
BRDA:165,13,1,0
BRDA:165,14,0,0
BRDA:165,14,1,0
BRDA:166,15,0,0
BRDA:166,15,1,0
BRDA:202,16,0,0
BRDA:202,16,1,0
BRDA:202,17,0,0
BRDA:202,17,1,0
BRDA:213,18,0,0
BRDA:213,18,1,0
BRDA:221,19,0,0
BRDA:221,19,1,0
BRDA:240,20,0,0
BRDA:240,20,1,0
BRDA:254,21,0,0
BRDA:254,21,1,0
BRDA:262,22,0,0
BRDA:262,22,1,0
BRDA:277,23,0,0
BRDA:277,23,1,0
BRDA:285,24,0,0
BRDA:285,24,1,0
BRF:53
BRH:0
end_of_record
TN:
SF:src/controllers/users/handlers.ts
FN:1,(anonymous_0)
FNF:1
FNH:0
FNDA:0,(anonymous_0)
DA:1,1
DA:2,0
DA:3,0
DA:4,0
DA:5,0
DA:7,0
LF:6
LH:1
BRDA:2,0,0,0
BRDA:2,0,1,0
BRDA:4,1,0,0
BRDA:4,1,1,0
BRF:4
BRH:0
end_of_record
TN:
SF:src/controllers/users/index.ts
FN:21,(anonymous_8)
FN:33,(anonymous_9)
FN:33,(anonymous_10)
FN:55,(anonymous_11)
FN:62,(anonymous_12)
FN:65,(anonymous_13)
FN:75,(anonymous_14)
FN:75,(anonymous_15)
FN:86,(anonymous_16)
FN:93,(anonymous_17)
FN:103,(anonymous_18)
FN:103,(anonymous_19)
FNF:12
FNH:0
FNDA:0,(anonymous_8)
FNDA:0,(anonymous_9)
FNDA:0,(anonymous_10)
FNDA:0,(anonymous_11)
FNDA:0,(anonymous_12)
FNDA:0,(anonymous_13)
FNDA:0,(anonymous_14)
FNDA:0,(anonymous_15)
FNDA:0,(anonymous_16)
FNDA:0,(anonymous_17)
FNDA:0,(anonymous_18)
FNDA:0,(anonymous_19)
DA:1,1
DA:2,1
DA:3,1
DA:5,1
DA:12,1
DA:13,1
DA:14,1
DA:16,1
DA:21,1
DA:22,0
DA:33,1
DA:34,0
DA:35,0
DA:36,0
DA:37,0
DA:39,0
DA:40,0
DA:43,0
DA:49,0
DA:50,0
DA:51,0
DA:52,0
DA:54,0
DA:55,0
DA:63,0
DA:65,0
DA:75,1
DA:76,0
DA:78,0
DA:79,0
DA:81,0
DA:82,0
DA:86,0
DA:93,0
DA:95,0
DA:103,1
DA:104,0
DA:105,0
DA:109,0
DA:110,0
DA:111,0
DA:115,0
DA:116,0
DA:126,0
DA:131,0
DA:133,0
DA:136,1
LF:47
LH:13
BRDA:39,0,0,0
BRDA:39,1,0,0
BRDA:39,1,1,0
BRDA:49,2,0,0
BRDA:49,2,1,0
BRDA:51,3,0,0
BRDA:51,3,1,0
BRDA:81,4,0,0
BRDA:81,4,1,0
BRDA:110,5,0,0
BRDA:110,5,1,0
BRDA:111,6,0,0
BRDA:111,6,1,0
BRDA:115,7,0,0
BRDA:115,8,0,0
BRDA:115,8,1,0
BRF:16
BRH:0
end_of_record
TN:
SF:src/domain/index.ts
FNF:0
FNH:0
DA:4,1
DA:5,1
LF:2
LH:2
BRF:0
BRH:0
end_of_record
TN:
SF:src/labels/api_messages/firms.ts
FN:3,(anonymous_0)
FNF:1
FNH:0
FNDA:0,(anonymous_0)
DA:1,1
DA:2,1
DA:3,1
DA:4,1
LF:4
LH:4
BRF:0
BRH:0
end_of_record
TN:
SF:src/labels/api_messages/users.ts
FNF:0
FNH:0
DA:1,1
DA:2,1
DA:3,1
DA:4,1
DA:5,1
DA:6,1
DA:7,1
DA:8,1
DA:9,1
DA:10,1
DA:11,1
LF:11
LH:11
BRF:0
BRH:0
end_of_record
TN:
SF:src/labels/dev_tips/firms.ts
FNF:0
FNH:0
DA:1,1
DA:2,1
DA:3,1
DA:4,1
LF:4
LH:4
BRF:0
BRH:0
end_of_record
TN:
SF:src/labels/misc/index.ts
FNF:0
FNH:0
DA:1,1
LF:1
LH:1
BRF:0
BRH:0
end_of_record
TN:
SF:src/middlewares/authentication/index.ts
FN:18,(anonymous_0)
FNF:1
FNH:1
FNDA:6,(anonymous_0)
DA:17,1
DA:18,1
DA:19,6
DA:20,6
DA:21,3
DA:22,3
DA:24,3
LF:7
LH:7
BRDA:20,0,0,3
BRDA:20,0,1,3
BRDA:20,1,0,6
BRDA:20,1,1,4
BRF:4
BRH:4
end_of_record
TN:
SF:src/middlewares/error_handling/index.ts
FN:15,(anonymous_0)
FN:28,(anonymous_1)
FNF:2
FNH:2
FNDA:2,(anonymous_0)
FNDA:3,(anonymous_1)
DA:2,1
DA:4,1
DA:15,2
DA:27,1
DA:28,1
DA:29,3
DA:31,3
DA:32,0
DA:33,0
DA:34,3
DA:35,1
DA:36,1
DA:37,1
DA:42,0
DA:44,2
DA:45,2
DA:46,2
DA:48,0
DA:49,0
LF:19
LH:14
BRDA:31,0,0,0
BRDA:31,0,1,3
BRDA:34,1,0,1
BRDA:34,1,1,2
BRDA:36,2,0,1
BRDA:36,2,1,0
BRDA:44,3,0,2
BRDA:44,3,1,0
BRF:8
BRH:5
end_of_record
TN:
SF:src/models/entry/index.ts
FNF:0
FNH:0
DA:1,1
DA:2,1
DA:5,1
DA:34,1
DA:42,1
DA:44,1
LF:6
LH:6
BRF:0
BRH:0
end_of_record
TN:
SF:src/models/firm/index.ts
FN:56,(anonymous_1)
FNF:1
FNH:0
FNDA:0,(anonymous_1)
DA:1,1
DA:2,1
DA:5,1
DA:56,1
DA:57,0
DA:58,0
DA:59,0
DA:65,0
DA:68,1
DA:70,1
DA:72,1
LF:11
LH:7
BRF:0
BRH:0
end_of_record
TN:
SF:src/models/report_firm/index.ts
FNF:0
FNH:0
DA:1,1
DA:2,1
DA:5,1
DA:23,1
DA:25,1
DA:27,1
LF:6
LH:6
BRF:0
BRH:0
end_of_record
TN:
SF:src/models/user/index.ts
FN:39,(anonymous_1)
FNF:1
FNH:0
FNDA:0,(anonymous_1)
DA:1,1
DA:2,1
DA:3,1
DA:13,1
DA:38,1
DA:40,0
DA:42,0
DA:43,0
DA:47,1
DA:49,1
DA:51,1
LF:11
LH:8
BRF:0
BRH:0
end_of_record
TN:
SF:src/utils/config.ts
FNF:0
FNH:0
DA:1,1
DA:2,1
DA:4,1
DA:5,1
DA:6,1
DA:7,1
DA:12,1
LF:7
LH:7
BRDA:4,0,0,1
BRDA:4,0,1,0
BRDA:7,1,0,1
BRDA:7,1,1,0
BRDA:9,2,0,0
BRDA:9,2,1,0
BRDA:12,3,0,0
BRDA:12,3,1,1
BRF:8
BRH:3
end_of_record
TN:
SF:src/utils/logger.ts
FN:3,(anonymous_0)
FN:9,(anonymous_1)
FN:15,(anonymous_2)
FNF:3
FNH:2
FNDA:2,(anonymous_0)
FNDA:3,(anonymous_1)
FNDA:0,(anonymous_2)
DA:3,1
DA:4,2
DA:5,0
DA:9,1
DA:10,3
DA:11,0
DA:15,1
DA:16,0
DA:17,0
LF:9
LH:5
BRDA:4,0,0,0
BRDA:10,1,0,0
BRDA:16,2,0,0
BRF:3
BRH:0
end_of_record
TN:
SF:src/views/json/firms.ts
FN:17,(anonymous_6)
FNF:1
FNH:0
FNDA:0,(anonymous_6)
DA:1,1
DA:2,1
DA:5,1
DA:11,1
DA:17,1
DA:23,1
LF:6
LH:6
BRF:0
BRH:0
end_of_record
TN:
SF:src/views/json/users.ts
FN:80,(anonymous_0)
FNF:1
FNH:1
FNDA:1,(anonymous_0)
DA:2,1
DA:17,1
DA:23,1
DA:29,1
DA:35,1
DA:41,1
DA:47,1
DA:53,1
DA:62,1
DA:71,1
DA:80,1
DA:89,1
LF:12
LH:12
BRDA:82,0,0,1
BRDA:82,0,1,0
BRF:2
BRH:1
end_of_record
